<?xml version="1.0" encoding="UTF-8"?>
<testng-results ignored="0" total="1" passed="1" failed="0" skipped="0">
  <reporter-output>
  </reporter-output>
  <suite started-at="2024-09-06T16:44:03 IST" name="Default suite" finished-at="2024-09-06T16:44:08 IST" duration-ms="5278">
    <groups>
    </groups>
    <test started-at="2024-09-06T16:44:03 IST" name="Default test" finished-at="2024-09-06T16:44:08 IST" duration-ms="5278">
      <class name="pomoarnge.LoginTest">
        <test-method is-config="true" signature="setup()[pri:0, instance:pomoarnge.LoginTest@43bc63a3]" started-at="2024-09-06T16:44:03 IST" name="setup" finished-at="2024-09-06T16:44:07 IST" duration-ms="3559" status="PASS">
          <reporter-output>
          </reporter-output>
        </test-method> <!-- setup -->
        <test-method signature="testLogin()[pri:0, instance:pomoarnge.LoginTest@43bc63a3]" started-at="2024-09-06T16:44:07 IST" name="testLogin" finished-at="2024-09-06T16:44:08 IST" duration-ms="1568" status="PASS">
          <reporter-output>
          </reporter-output>
        </test-method> <!-- testLogin -->
        <test-method is-config="true" signature="tearDown()[pri:0, instance:pomoarnge.LoginTest@43bc63a3]" started-at="2024-09-06T16:44:08 IST" name="tearDown" finished-at="2024-09-06T16:44:08 IST" duration-ms="123" status="PASS">
          <reporter-output>
          </reporter-output>
        </test-method> <!-- tearDown -->
      </class> <!-- pomoarnge.LoginTest -->
    </test> <!-- Default test -->
  </suite> <!-- Default suite -->
</testng-results>
